[debug] [2019-04-17T08:34:39.009Z] ----------------------------------------------------------------------
[debug] [2019-04-17T08:34:39.013Z] Command:       C:\Program Files\nodejs\node.exe C:\Users\sksky\AppData\Roaming\npm\node_modules\firebase-tools\lib\bin\firebase.js deploy
[debug] [2019-04-17T08:34:39.013Z] CLI Version:   6.6.0
[debug] [2019-04-17T08:34:39.013Z] Platform:      win32
[debug] [2019-04-17T08:34:39.014Z] Node Version:  v10.14.1
[debug] [2019-04-17T08:34:39.027Z] Time:          Wed Apr 17 2019 17:34:39 GMT+0900 (GMT+09:00)
[debug] [2019-04-17T08:34:39.027Z] ----------------------------------------------------------------------
[debug] 
[debug] [2019-04-17T08:34:39.051Z] > command requires scopes: ["email","openid","https://www.googleapis.com/auth/cloudplatformprojects.readonly","https://www.googleapis.com/auth/firebase","https://www.googleapis.com/auth/cloud-platform"]
[debug] [2019-04-17T08:34:39.054Z] > authorizing via signed-in user
[debug] [2019-04-17T08:34:39.054Z] [iam] checking project soccerya-31461 for permissions ["cloudfunctions.functions.create","cloudfunctions.functions.delete","cloudfunctions.functions.get","cloudfunctions.functions.list","cloudfunctions.functions.update","cloudfunctions.operations.get","firebase.projects.get"]
[debug] [2019-04-17T08:34:39.057Z] >>> HTTP REQUEST POST https://cloudresourcemanager.googleapis.com/v1/projects/soccerya-31461:testIamPermissions  

[debug] [2019-04-17T08:34:40.267Z] <<< HTTP RESPONSE 200
[info] 
[info] === Deploying to 'soccerya-31461'...
[info] 
[info] i  deploying functions
[info] Running command: npm --prefix "%RESOURCE_DIR%" run lint
[info] +  functions: Finished running predeploy script.
[debug] [2019-04-17T08:34:49.420Z] > [functions] package.json contents: {
  "name": "functions",
  "description": "Cloud Functions for Firebase",
  "scripts": {
    "serve": "firebase serve --only functions",
    "shell": "firebase functions:shell",
    "start": "npm run shell",
    "deploy": "firebase deploy --only functions",
    "logs": "firebase functions:log",
    "lint": "eslint"
  },
  "dependencies": {
    "firebase-admin": "~7.0.0",
    "firebase-functions": "^2.2.0"
  },
  "private": true
}
[info] i  functions: ensuring necessary APIs are enabled...
[debug] [2019-04-17T08:34:49.422Z] >>> HTTP REQUEST GET https://servicemanagement.googleapis.com/v1/services/cloudfunctions.googleapis.com/projectSettings/soccerya-31461?view=CONSUMER_VIEW  
 
[debug] [2019-04-17T08:34:49.423Z] >>> HTTP REQUEST GET https://servicemanagement.googleapis.com/v1/services/runtimeconfig.googleapis.com/projectSettings/soccerya-31461?view=CONSUMER_VIEW  
 
[debug] [2019-04-17T08:34:51.250Z] <<< HTTP RESPONSE 200
[debug] [2019-04-17T08:34:51.376Z] <<< HTTP RESPONSE 200
[info] +  functions: all necessary APIs are enabled
[debug] [2019-04-17T08:34:51.379Z] >>> HTTP REQUEST GET https://cloudresourcemanager.googleapis.com/v1/projects/soccerya-31461  
 
[debug] [2019-04-17T08:34:52.347Z] <<< HTTP RESPONSE 200
[debug] [2019-04-17T08:34:52.347Z] >>> HTTP REQUEST GET https://mobilesdk-pa.googleapis.com/v1/projects/1009831711257:getServerAppConfig  
 
[debug] [2019-04-17T08:34:53.031Z] <<< HTTP RESPONSE 200
[info] i  functions: preparing functions directory for uploading...
[debug] [2019-04-17T08:34:53.035Z] >>> HTTP REQUEST GET https://runtimeconfig.googleapis.com/v1beta1/projects/soccerya-31461/configs  
 
[debug] [2019-04-17T08:34:53.692Z] <<< HTTP RESPONSE 200
[info] i  functions: packaged functions (28.23 KB) for uploading
[debug] [2019-04-17T08:34:54.052Z] >>> HTTP REQUEST POST https://cloudfunctions.googleapis.com/v1/projects/soccerya-31461/locations/us-central1/functions:generateUploadUrl  
 
[debug] [2019-04-17T08:34:54.795Z] <<< HTTP RESPONSE 200
[debug] [2019-04-17T08:34:54.796Z] >>> HTTP REQUEST PUT https://storage.googleapis.com/gcf-upload-us-central1-27ffd313-1026-44a2-8630-2e2c30977928/0df96031-40cc-4dd8-a44d-b5b5fd5a4cfb.zip?GoogleAccessId=service-1009831711257@gcf-admin-robot.iam.gserviceaccount.com&Expires=1555491893&Signature=0fPY8wyvD%2Fnq5TBcbX%2BYLSR5We59xGHXPrzgVXW0LGL5zp3uziDHssqE5D0TDCBpvd2EieEFBKH%2B%2FpwisNKgnHjjNXokKRNAsrjo1rlnFKciR2F0B%2FOpRd3Uesu3oRYPDH2zPesBP7yAqDFlg0R8YegodOLlqDwwNc5wrgajmzaLZXP9KdKOxmxSPGoyr4uIYM3it1YLw02HpKZvEAvAntmaMq2ouSzrcFlmscf7t96KPOd%2BiyhuWRX3FxxKPiE2Ek%2Blhm2mCQqnqM0SquI0mRSDiuZHdw9IBo7ZjilthIBoOeA068hjGkqozpiUIjBqGtumwwxawjJLLCoQLwr5Rw%3D%3D  

[debug] [2019-04-17T08:34:55.470Z] <<< HTTP RESPONSE 200
[info] +  functions: functions folder uploaded successfully
[debug] [2019-04-17T08:34:55.472Z] >>> HTTP REQUEST GET https://cloudfunctions.googleapis.com/v1/projects/soccerya-31461/locations/-/functions  
 
[debug] [2019-04-17T08:34:56.082Z] <<< HTTP RESPONSE 200
[info] i  functions: updating Node.js 6 function teamJoin(us-central1)...
[debug] [2019-04-17T08:34:56.088Z] Trigger is:  {"eventTrigger":{"resource":"projects/_/instances/soccerya-31461/refs/users/{uid}/teams","eventType":"providers/google.firebase.database/eventTypes/ref.write","service":"firebaseio.com"}}
[debug] [2019-04-17T08:34:56.090Z] >>> HTTP REQUEST PATCH https://cloudfunctions.googleapis.com/v1/projects/soccerya-31461/locations/us-central1/functions/teamJoin {"updateMask":"sourceUploadUrl,name,labels,eventTrigger.resource,eventTrigger.eventType,eventTrigger.service"} 

[debug] [2019-04-17T08:34:56.783Z] <<< HTTP RESPONSE 200
[debug] [2019-04-17T08:34:56.788Z] >>> HTTP REQUEST GET https://cloudfunctions.googleapis.com/v1/operations/c29jY2VyeWEtMzE0NjEvdXMtY2VudHJhbDEvdGVhbUpvaW4vY0tyOVZSbi1zd2M  
 
[debug] [2019-04-17T08:34:57.290Z] <<< HTTP RESPONSE 200
[debug] [2019-04-17T08:34:59.293Z] >>> HTTP REQUEST GET https://cloudfunctions.googleapis.com/v1/operations/c29jY2VyeWEtMzE0NjEvdXMtY2VudHJhbDEvdGVhbUpvaW4vY0tyOVZSbi1zd2M  
 
[debug] [2019-04-17T08:34:59.793Z] <<< HTTP RESPONSE 200
[debug] [2019-04-17T08:35:01.795Z] >>> HTTP REQUEST GET https://cloudfunctions.googleapis.com/v1/operations/c29jY2VyeWEtMzE0NjEvdXMtY2VudHJhbDEvdGVhbUpvaW4vY0tyOVZSbi1zd2M  
 
[debug] [2019-04-17T08:35:02.305Z] <<< HTTP RESPONSE 200
[debug] [2019-04-17T08:35:04.306Z] >>> HTTP REQUEST GET https://cloudfunctions.googleapis.com/v1/operations/c29jY2VyeWEtMzE0NjEvdXMtY2VudHJhbDEvdGVhbUpvaW4vY0tyOVZSbi1zd2M  
 
[debug] [2019-04-17T08:35:04.832Z] <<< HTTP RESPONSE 200
[debug] [2019-04-17T08:35:06.834Z] >>> HTTP REQUEST GET https://cloudfunctions.googleapis.com/v1/operations/c29jY2VyeWEtMzE0NjEvdXMtY2VudHJhbDEvdGVhbUpvaW4vY0tyOVZSbi1zd2M  
 
[debug] [2019-04-17T08:35:07.338Z] <<< HTTP RESPONSE 200
[debug] [2019-04-17T08:35:09.338Z] >>> HTTP REQUEST GET https://cloudfunctions.googleapis.com/v1/operations/c29jY2VyeWEtMzE0NjEvdXMtY2VudHJhbDEvdGVhbUpvaW4vY0tyOVZSbi1zd2M  
 
[debug] [2019-04-17T08:35:09.869Z] <<< HTTP RESPONSE 200
[debug] [2019-04-17T08:35:11.872Z] >>> HTTP REQUEST GET https://cloudfunctions.googleapis.com/v1/operations/c29jY2VyeWEtMzE0NjEvdXMtY2VudHJhbDEvdGVhbUpvaW4vY0tyOVZSbi1zd2M  
 
[debug] [2019-04-17T08:35:12.377Z] <<< HTTP RESPONSE 200
[debug] [2019-04-17T08:35:14.377Z] >>> HTTP REQUEST GET https://cloudfunctions.googleapis.com/v1/operations/c29jY2VyeWEtMzE0NjEvdXMtY2VudHJhbDEvdGVhbUpvaW4vY0tyOVZSbi1zd2M  
 
[debug] [2019-04-17T08:35:15.004Z] <<< HTTP RESPONSE 200
[debug] [2019-04-17T08:35:17.005Z] >>> HTTP REQUEST GET https://cloudfunctions.googleapis.com/v1/operations/c29jY2VyeWEtMzE0NjEvdXMtY2VudHJhbDEvdGVhbUpvaW4vY0tyOVZSbi1zd2M  
 
[debug] [2019-04-17T08:35:17.525Z] <<< HTTP RESPONSE 200
[debug] [2019-04-17T08:35:19.525Z] >>> HTTP REQUEST GET https://cloudfunctions.googleapis.com/v1/operations/c29jY2VyeWEtMzE0NjEvdXMtY2VudHJhbDEvdGVhbUpvaW4vY0tyOVZSbi1zd2M  
 
[debug] [2019-04-17T08:35:20.021Z] <<< HTTP RESPONSE 200
[debug] [2019-04-17T08:35:22.022Z] >>> HTTP REQUEST GET https://cloudfunctions.googleapis.com/v1/operations/c29jY2VyeWEtMzE0NjEvdXMtY2VudHJhbDEvdGVhbUpvaW4vY0tyOVZSbi1zd2M  
 
[debug] [2019-04-17T08:35:22.513Z] <<< HTTP RESPONSE 200
[debug] [2019-04-17T08:35:24.515Z] >>> HTTP REQUEST GET https://cloudfunctions.googleapis.com/v1/operations/c29jY2VyeWEtMzE0NjEvdXMtY2VudHJhbDEvdGVhbUpvaW4vY0tyOVZSbi1zd2M  
 
[debug] [2019-04-17T08:35:25.346Z] <<< HTTP RESPONSE 200
[debug] [2019-04-17T08:35:27.347Z] >>> HTTP REQUEST GET https://cloudfunctions.googleapis.com/v1/operations/c29jY2VyeWEtMzE0NjEvdXMtY2VudHJhbDEvdGVhbUpvaW4vY0tyOVZSbi1zd2M  
 
[debug] [2019-04-17T08:35:27.869Z] <<< HTTP RESPONSE 200
[debug] [2019-04-17T08:35:29.869Z] >>> HTTP REQUEST GET https://cloudfunctions.googleapis.com/v1/operations/c29jY2VyeWEtMzE0NjEvdXMtY2VudHJhbDEvdGVhbUpvaW4vY0tyOVZSbi1zd2M  
 
[debug] [2019-04-17T08:35:30.372Z] <<< HTTP RESPONSE 200
[debug] [2019-04-17T08:35:32.374Z] >>> HTTP REQUEST GET https://cloudfunctions.googleapis.com/v1/operations/c29jY2VyeWEtMzE0NjEvdXMtY2VudHJhbDEvdGVhbUpvaW4vY0tyOVZSbi1zd2M  
 
[debug] [2019-04-17T08:35:32.864Z] <<< HTTP RESPONSE 200
[debug] [2019-04-17T08:35:34.864Z] >>> HTTP REQUEST GET https://cloudfunctions.googleapis.com/v1/operations/c29jY2VyeWEtMzE0NjEvdXMtY2VudHJhbDEvdGVhbUpvaW4vY0tyOVZSbi1zd2M  
 
[debug] [2019-04-17T08:35:35.357Z] <<< HTTP RESPONSE 200
[debug] [2019-04-17T08:35:37.358Z] >>> HTTP REQUEST GET https://cloudfunctions.googleapis.com/v1/operations/c29jY2VyeWEtMzE0NjEvdXMtY2VudHJhbDEvdGVhbUpvaW4vY0tyOVZSbi1zd2M  
 
[debug] [2019-04-17T08:35:37.841Z] <<< HTTP RESPONSE 200
[debug] [2019-04-17T08:35:39.843Z] >>> HTTP REQUEST GET https://cloudfunctions.googleapis.com/v1/operations/c29jY2VyeWEtMzE0NjEvdXMtY2VudHJhbDEvdGVhbUpvaW4vY0tyOVZSbi1zd2M  
 
[debug] [2019-04-17T08:35:40.358Z] <<< HTTP RESPONSE 200
[debug] [2019-04-17T08:35:42.360Z] >>> HTTP REQUEST GET https://cloudfunctions.googleapis.com/v1/operations/c29jY2VyeWEtMzE0NjEvdXMtY2VudHJhbDEvdGVhbUpvaW4vY0tyOVZSbi1zd2M  
 
[debug] [2019-04-17T08:35:42.850Z] <<< HTTP RESPONSE 200
[debug] [2019-04-17T08:35:44.853Z] >>> HTTP REQUEST GET https://cloudfunctions.googleapis.com/v1/operations/c29jY2VyeWEtMzE0NjEvdXMtY2VudHJhbDEvdGVhbUpvaW4vY0tyOVZSbi1zd2M  
 
[debug] [2019-04-17T08:35:45.350Z] <<< HTTP RESPONSE 200
[info] +  functions[teamJoin(us-central1)]: Successful update operation. 
[info] 
[info] +  Deploy complete!
[info] 
[info] Please note that it can take up to 30 seconds for your updated functions to propagate.
[info] Project Console: https://console.firebase.google.com/project/soccerya-31461/overview
